[2025-01-28 06:47:30] [1] [WARN] Reporting disabled: using no op test run registrar
[2025-01-28 06:47:30] [1] [INFO] TEST [carinaiosautomation - testLogin] STARTED at [15:47:30 2025-01-28]
[2025-01-28 06:47:30] [1] [INFO] Starting driver session...
[2025-01-28 06:47:30] [1] [ERROR] TEST [carinaiosautomation - testLogin] FAILED at [15:47:30 2025-01-28] - Getting the value of parameter 'selenium_url' as required failed: the value is missing.

com.zebrunner.carina.utils.config.Configuration.lambda$getRequired$0(Configuration.java:163)
java.base/java.util.Optional.orElseThrow(Optional.java:403)
com.zebrunner.carina.utils.config.Configuration.getRequired(Configuration.java:162)
com.zebrunner.carina.utils.config.Configuration.getRequired(Configuration.java:157)
com.zebrunner.carina.webdriver.core.factory.impl.MobileFactory.create(MobileFactory.java:93)
com.zebrunner.carina.webdriver.core.factory.DriverFactory.create(DriverFactory.java:87)
com.zebrunner.carina.webdriver.IDriverPool.createDriver(IDriverPool.java:364)
com.zebrunner.carina.webdriver.IDriverPool.getDriver(IDriverPool.java:117)
com.zebrunner.carina.webdriver.IDriverPool.getDriver(IDriverPool.java:80)
com.zebrunner.carina.webdriver.IDriverPool.getDriver(IDriverPool.java:68)
com.solvd.carina.iOS.SwagLabsLoginTest.testLogin(SwagLabsLoginTest.java:13)
java.base/jdk.internal.reflect.DirectMethodHandleAccessor.invoke(DirectMethodHandleAccessor.java:103)
java.base/java.lang.reflect.Method.invoke(Method.java:580)
org.testng.internal.invokers.MethodInvocationHelper.invokeMethod(MethodInvocationHelper.java:139)
org.testng.internal.invokers.TestInvoker.invokeMethod(TestInvoker.java:677)
org.testng.internal.invokers.TestInvoker.invokeTestMethod(TestInvoker.java:221)
org.testng.internal.invokers.MethodRunner.runInSequence(MethodRunner.java:50)
org.testng.internal.invokers.TestInvoker$MethodInvocationAgent.invoke(TestInvoker.java:969)
org.testng.internal.invokers.TestInvoker.invokeTestMethods(TestInvoker.java:194)
org.testng.internal.invokers.TestMethodWorker.invokeTestMethods(TestMethodWorker.java:148)
org.testng.internal.invokers.TestMethodWorker.run(TestMethodWorker.java:128)
java.base/java.util.ArrayList.forEach(ArrayList.java:1596)
org.testng.TestRunner.privateRun(TestRunner.java:829)
org.testng.TestRunner.run(TestRunner.java:602)
org.testng.SuiteRunner.runTest(SuiteRunner.java:437)
org.testng.SuiteRunner.runSequentially(SuiteRunner.java:431)
org.testng.SuiteRunner.privateRun(SuiteRunner.java:391)
org.testng.SuiteRunner.run(SuiteRunner.java:330)
org.testng.SuiteRunnerWorker.runSuite(SuiteRunnerWorker.java:52)
org.testng.SuiteRunnerWorker.run(SuiteRunnerWorker.java:95)
org.testng.TestNG.runSuitesSequentially(TestNG.java:1256)
org.testng.TestNG.runSuitesLocally(TestNG.java:1176)
org.testng.TestNG.runSuites(TestNG.java:1099)
org.testng.TestNG.run(TestNG.java:1067)
com.intellij.rt.testng.IDEARemoteTestNG.run(IDEARemoteTestNG.java:65)
com.intellij.rt.testng.RemoteTestNGStarter.main(RemoteTestNGStarter.java:105)
